{:server-socket #<ServerSocket ServerSocket[addr=localhost/127.0.0.1,port=0,localport=24201]>, :connections #<Ref@1af6a711: #{}>}
Downloading: fresh/fresh/1.0.2/fresh-1.0.2.pom from repository clojure at http://build.clojure.org/releases
Unable to locate resource in repository
[INFO] Unable to find resource 'fresh:fresh:pom:1.0.2' in repository clojure (http://build.clojure.org/releases)
Downloading: fresh/fresh/1.0.2/fresh-1.0.2.pom from repository clojure-snapshots at http://build.clojure.org/snapshots
Unable to locate resource in repository
[INFO] Unable to find resource 'fresh:fresh:pom:1.0.2' in repository clojure-snapshots (http://build.clojure.org/snapshots)
Downloading: fresh/fresh/1.0.2/fresh-1.0.2.pom from repository clojars at http://clojars.org/repo
Transferring 2K from clojars
Downloading: fresh/fresh/1.0.2/fresh-1.0.2.jar from repository clojure at http://build.clojure.org/releases
Unable to locate resource in repository
[INFO] Unable to find resource 'fresh:fresh:jar:1.0.2' in repository clojure (http://build.clojure.org/releases)
Downloading: fresh/fresh/1.0.2/fresh-1.0.2.jar from repository clojure-snapshots at http://build.clojure.org/snapshots
Unable to locate resource in repository
[INFO] Unable to find resource 'fresh:fresh:jar:1.0.2' in repository clojure-snapshots (http://build.clojure.org/snapshots)
Downloading: fresh/fresh/1.0.2/fresh-1.0.2.jar from repository clojars at http://clojars.org/repo
Transferring 4K from clojars
[INFO] snapshot swank-clojure:swank-clojure:1.3.0-SNAPSHOT: checking for updates from clojure
[INFO] snapshot swank-clojure:swank-clojure:1.3.0-SNAPSHOT: checking for updates from clojure-snapshots
[INFO] snapshot swank-clojure:swank-clojure:1.3.0-SNAPSHOT: checking for updates from clojars
[INFO] snapshot swank-clojure:swank-clojure:1.3.0-SNAPSHOT: checking for updates from maven
Downloading: swank-clojure/swank-clojure/1.3.0-SNAPSHOT/swank-clojure-1.3.0-20110104.084027-21.pom from repository clojars at http://clojars.org/repo
Transferring 2K from clojars
Downloading: swank-clojure/swank-clojure/1.3.0-SNAPSHOT/swank-clojure-1.3.0-20110104.084027-21.jar from repository clojars at http://clojars.org/repo
Transferring 45K from clojars
